1772332978: mosquitto version 2.0.18 starting
1772332978: Config loaded from /mosquitto/config/mosquitto.conf.
1772332978: Opening ipv4 listen socket on port 1883.
1772332978: Opening ipv6 listen socket on port 1883.
1772332978: mosquitto version 2.0.18 running
1772332980: New connection from 172.18.0.3:40287 on port 1883.
1772332980: New client connected from 172.18.0.3:40287 as auto-A18402F6-26DD-AC38-5687-7F826414EA96 (p2, c1, k60).
1772332980: No will message specified.
1772332980: Sending CONNACK to auto-A18402F6-26DD-AC38-5687-7F826414EA96 (0, 0)
1772332980: Received SUBSCRIBE from auto-A18402F6-26DD-AC38-5687-7F826414EA96
1772332980: 	cmd/ota (QoS 0)
1772332980: auto-A18402F6-26DD-AC38-5687-7F826414EA96 0 cmd/ota
1772332980: Sending SUBACK to auto-A18402F6-26DD-AC38-5687-7F826414EA96
1772332980: Received PUBLISH from auto-A18402F6-26DD-AC38-5687-7F826414EA96 (d0, q0, r0, m0, 'telemetry/version', ... (5 bytes))
1772332985: Received PUBLISH from auto-A18402F6-26DD-AC38-5687-7F826414EA96 (d0, q0, r0, m0, 'telemetry/version', ... (5 bytes))
1772332990: Received PUBLISH from auto-A18402F6-26DD-AC38-5687-7F826414EA96 (d0, q0, r0, m0, 'telemetry/version', ... (5 bytes))
1772332995: Received PUBLISH from auto-A18402F6-26DD-AC38-5687-7F826414EA96 (d0, q0, r0, m0, 'telemetry/version', ... (5 bytes))
1772332998: New connection from 172.18.0.2:45642 on port 1883.
1772332998: New client connected from 172.18.0.2:45642 as auto-7746BF22-B30A-AC50-A77C-7380A92FC200 (p2, c1, k60).
1772332998: No will message specified.
1772332998: Sending CONNACK to auto-7746BF22-B30A-AC50-A77C-7380A92FC200 (0, 0)
1772332998: Received PUBLISH from auto-7746BF22-B30A-AC50-A77C-7380A92FC200 (d0, q0, r0, m0, 'telemetry/test', ... (5 bytes))
1772332998: Received DISCONNECT from auto-7746BF22-B30A-AC50-A77C-7380A92FC200
1772332998: Client auto-7746BF22-B30A-AC50-A77C-7380A92FC200 disconnected.
1772333000: Received PUBLISH from auto-A18402F6-26DD-AC38-5687-7F826414EA96 (d0, q0, r0, m0, 'telemetry/version', ... (5 bytes))
1772333005: Received PUBLISH from auto-A18402F6-26DD-AC38-5687-7F826414EA96 (d0, q0, r0, m0, 'telemetry/version', ... (5 bytes))
1772333010: Received PUBLISH from auto-A18402F6-26DD-AC38-5687-7F826414EA96 (d0, q0, r0, m0, 'telemetry/version', ... (5 bytes))
1772333015: Received PUBLISH from auto-A18402F6-26DD-AC38-5687-7F826414EA96 (d0, q0, r0, m0, 'telemetry/version', ... (5 bytes))
1772333017: New connection from 172.18.0.2:56252 on port 1883.
1772333017: New client connected from 172.18.0.2:56252 as auto-41555850-2118-5ADD-9E38-58D989B7E08F (p2, c1, k60).
1772333017: No will message specified.
1772333017: Sending CONNACK to auto-41555850-2118-5ADD-9E38-58D989B7E08F (0, 0)
1772333017: Received PUBLISH from auto-41555850-2118-5ADD-9E38-58D989B7E08F (d0, q0, r0, m0, 'telemetry/test', ... (5 bytes))
1772333017: Received DISCONNECT from auto-41555850-2118-5ADD-9E38-58D989B7E08F
1772333017: Client auto-41555850-2118-5ADD-9E38-58D989B7E08F disconnected.
1772333020: Received PUBLISH from auto-A18402F6-26DD-AC38-5687-7F826414EA96 (d0, q0, r0, m0, 'telemetry/version', ... (5 bytes))
1772333025: Received PUBLISH from auto-A18402F6-26DD-AC38-5687-7F826414EA96 (d0, q0, r0, m0, 'telemetry/version', ... (5 bytes))
1772333030: New connection from 172.18.0.2:42680 on port 1883.
1772333030: New client connected from 172.18.0.2:42680 as auto-BB2777F1-B070-EEA0-2846-A047ED0C650B (p2, c1, k60).
1772333030: No will message specified.
1772333030: Sending CONNACK to auto-BB2777F1-B070-EEA0-2846-A047ED0C650B (0, 0)
1772333030: Received SUBSCRIBE from auto-BB2777F1-B070-EEA0-2846-A047ED0C650B
1772333030: 	telemetry/# (QoS 0)
1772333030: auto-BB2777F1-B070-EEA0-2846-A047ED0C650B 0 telemetry/#
1772333030: Sending SUBACK to auto-BB2777F1-B070-EEA0-2846-A047ED0C650B
1772333030: Received PUBLISH from auto-A18402F6-26DD-AC38-5687-7F826414EA96 (d0, q0, r0, m0, 'telemetry/version', ... (5 bytes))
1772333030: Sending PUBLISH to auto-BB2777F1-B070-EEA0-2846-A047ED0C650B (d0, q0, r0, m0, 'telemetry/version', ... (5 bytes))
1772333030: Received DISCONNECT from auto-BB2777F1-B070-EEA0-2846-A047ED0C650B
1772333030: Client auto-BB2777F1-B070-EEA0-2846-A047ED0C650B disconnected.
1772333035: Received PUBLISH from auto-A18402F6-26DD-AC38-5687-7F826414EA96 (d0, q0, r0, m0, 'telemetry/version', ... (5 bytes))
1772333038: Received PINGREQ from auto-A18402F6-26DD-AC38-5687-7F826414EA96
1772333038: Sending PINGRESP to auto-A18402F6-26DD-AC38-5687-7F826414EA96
1772333040: Received PUBLISH from auto-A18402F6-26DD-AC38-5687-7F826414EA96 (d0, q0, r0, m0, 'telemetry/version', ... (5 bytes))
1772333045: Received PUBLISH from auto-A18402F6-26DD-AC38-5687-7F826414EA96 (d0, q0, r0, m0, 'telemetry/version', ... (5 bytes))
1772333050: Received PUBLISH from auto-A18402F6-26DD-AC38-5687-7F826414EA96 (d0, q0, r0, m0, 'telemetry/version', ... (5 bytes))
1772333055: Received PUBLISH from auto-A18402F6-26DD-AC38-5687-7F826414EA96 (d0, q0, r0, m0, 'telemetry/version', ... (5 bytes))
1772333060: Received PUBLISH from auto-A18402F6-26DD-AC38-5687-7F826414EA96 (d0, q0, r0, m0, 'telemetry/version', ... (5 bytes))
1772333065: Received PUBLISH from auto-A18402F6-26DD-AC38-5687-7F826414EA96 (d0, q0, r0, m0, 'telemetry/version', ... (5 bytes))
1772333070: Received PUBLISH from auto-A18402F6-26DD-AC38-5687-7F826414EA96 (d0, q0, r0, m0, 'telemetry/version', ... (5 bytes))
1772333075: Received PUBLISH from auto-A18402F6-26DD-AC38-5687-7F826414EA96 (d0, q0, r0, m0, 'telemetry/version', ... (5 bytes))
1772333080: Received PUBLISH from auto-A18402F6-26DD-AC38-5687-7F826414EA96 (d0, q0, r0, m0, 'telemetry/version', ... (5 bytes))
1772333085: Received PUBLISH from auto-A18402F6-26DD-AC38-5687-7F826414EA96 (d0, q0, r0, m0, 'telemetry/version', ... (5 bytes))
1772333090: Received PUBLISH from auto-A18402F6-26DD-AC38-5687-7F826414EA96 (d0, q0, r0, m0, 'telemetry/version', ... (5 bytes))
1772333095: Received PUBLISH from auto-A18402F6-26DD-AC38-5687-7F826414EA96 (d0, q0, r0, m0, 'telemetry/version', ... (5 bytes))
1772333098: Received PINGREQ from auto-A18402F6-26DD-AC38-5687-7F826414EA96
1772333098: Sending PINGRESP to auto-A18402F6-26DD-AC38-5687-7F826414EA96
1772333100: Received PUBLISH from auto-A18402F6-26DD-AC38-5687-7F826414EA96 (d0, q0, r0, m0, 'telemetry/version', ... (5 bytes))
1772333105: Received PUBLISH from auto-A18402F6-26DD-AC38-5687-7F826414EA96 (d0, q0, r0, m0, 'telemetry/version', ... (5 bytes))
1772333110: Received PUBLISH from auto-A18402F6-26DD-AC38-5687-7F826414EA96 (d0, q0, r0, m0, 'telemetry/version', ... (5 bytes))
1772333115: Received PUBLISH from auto-A18402F6-26DD-AC38-5687-7F826414EA96 (d0, q0, r0, m0, 'telemetry/version', ... (5 bytes))
1772333120: Received PUBLISH from auto-A18402F6-26DD-AC38-5687-7F826414EA96 (d0, q0, r0, m0, 'telemetry/version', ... (5 bytes))
1772333125: Received PUBLISH from auto-A18402F6-26DD-AC38-5687-7F826414EA96 (d0, q0, r0, m0, 'telemetry/version', ... (5 bytes))
1772333130: Received PUBLISH from auto-A18402F6-26DD-AC38-5687-7F826414EA96 (d0, q0, r0, m0, 'telemetry/version', ... (5 bytes))
1772333135: Received PUBLISH from auto-A18402F6-26DD-AC38-5687-7F826414EA96 (d0, q0, r0, m0, 'telemetry/version', ... (5 bytes))
1772333140: Received PUBLISH from auto-A18402F6-26DD-AC38-5687-7F826414EA96 (d0, q0, r0, m0, 'telemetry/version', ... (5 bytes))
1772333145: Received PUBLISH from auto-A18402F6-26DD-AC38-5687-7F826414EA96 (d0, q0, r0, m0, 'telemetry/version', ... (5 bytes))
1772333150: Received PUBLISH from auto-A18402F6-26DD-AC38-5687-7F826414EA96 (d0, q0, r0, m0, 'telemetry/version', ... (5 bytes))
1772333155: Received PUBLISH from auto-A18402F6-26DD-AC38-5687-7F826414EA96 (d0, q0, r0, m0, 'telemetry/version', ... (5 bytes))
1772333158: Received PINGREQ from auto-A18402F6-26DD-AC38-5687-7F826414EA96
1772333158: Sending PINGRESP to auto-A18402F6-26DD-AC38-5687-7F826414EA96
1772333160: Received PUBLISH from auto-A18402F6-26DD-AC38-5687-7F826414EA96 (d0, q0, r0, m0, 'telemetry/version', ... (5 bytes))
1772333165: Received PUBLISH from auto-A18402F6-26DD-AC38-5687-7F826414EA96 (d0, q0, r0, m0, 'telemetry/version', ... (5 bytes))
1772333170: Received PUBLISH from auto-A18402F6-26DD-AC38-5687-7F826414EA96 (d0, q0, r0, m0, 'telemetry/version', ... (5 bytes))
1772333175: Received PUBLISH from auto-A18402F6-26DD-AC38-5687-7F826414EA96 (d0, q0, r0, m0, 'telemetry/version', ... (5 bytes))
1772333180: Received PUBLISH from auto-A18402F6-26DD-AC38-5687-7F826414EA96 (d0, q0, r0, m0, 'telemetry/version', ... (5 bytes))
1772333185: Received PUBLISH from auto-A18402F6-26DD-AC38-5687-7F826414EA96 (d0, q0, r0, m0, 'telemetry/version', ... (5 bytes))
1772333190: Received PUBLISH from auto-A18402F6-26DD-AC38-5687-7F826414EA96 (d0, q0, r0, m0, 'telemetry/version', ... (5 bytes))
1772333195: Received PUBLISH from auto-A18402F6-26DD-AC38-5687-7F826414EA96 (d0, q0, r0, m0, 'telemetry/version', ... (5 bytes))
1772333200: Received PUBLISH from auto-A18402F6-26DD-AC38-5687-7F826414EA96 (d0, q0, r0, m0, 'telemetry/version', ... (5 bytes))
1772333205: Received PUBLISH from auto-A18402F6-26DD-AC38-5687-7F826414EA96 (d0, q0, r0, m0, 'telemetry/version', ... (5 bytes))
1772333210: Received PUBLISH from auto-A18402F6-26DD-AC38-5687-7F826414EA96 (d0, q0, r0, m0, 'telemetry/version', ... (5 bytes))
1772333214: mosquitto version 2.0.18 terminating
